<?xml version="1.0" encoding="UTF-8"?>
<!-- Generated by org.testng.reporters.JUnitReportReporter -->
<testsuite hostname="CDC2-D-CHMMXJ2" name="Day1.NewTest" tests="4" failures="0" timestamp="11 Sep 2019 11:38:35 GMT" time="0.000" errors="0">
  <testcase name="BalanceInq" time="0.000" classname="Day1.NewTest"/>
  <testcase name="TotBalance" time="0.000" classname="Day1.NewTest"/>
  <testcase name="Logout" time="0.000" classname="Day1.NewTest"/>
  <testcase name="Login" time="0.000" classname="Day1.NewTest"/>
</testsuite> <!-- Day1.NewTest -->
