<?xml version="1.0" encoding="UTF-8"?>
<!-- Generated by org.testng.reporters.JUnitReportReporter -->
<testsuite hostname="CDC2-D-CHMMXJ2" name="Day1Module2.NewTest2" tests="2" failures="0" timestamp="11 Sep 2019 11:21:42 GMT" time="0.016" errors="0">
  <testcase name="loginApp" time="0.016" classname="Day1Module2.NewTest2"/>
  <testcase name="loginApp" time="0.000" classname="Day1Module2.NewTest2"/>
</testsuite> <!-- Day1Module2.NewTest2 -->
